[    0.000000] Initializing cgroup subsys cpuset
[    0.000000] Initializing cgroup subsys cpu
[    0.000000] Initializing cgroup subsys cpuacct
[    0.000000] Linux version 4.4.0-165-generic (buildd@lgw01-amd64-027) (gcc version 5.4.0 20160609 (Ubuntu 5.4.0-6ubuntu1~16.04.10) ) #193-Ubuntu SMP Tue Sep 17 17:42:52 UTC 2019 (Ubuntu 4.4.0-165.193-generic 4.4.189)
[    0.000000] Command line: BOOT_IMAGE=/boot/vmlinuz-4.4.0-165-generic root=LABEL=cloudimg-rootfs ro console=tty1 console=ttyS0
[    0.000000] KERNEL supported cpus:
[    0.000000]   Intel GenuineIntel
[    0.000000]   AMD AuthenticAMD
[    0.000000]   Centaur CentaurHauls
[    0.000000] x86/fpu: xstate_offset[2]:  576, xstate_sizes[2]:  256
[    0.000000] x86/fpu: Supporting XSAVE feature 0x01: 'x87 floating point registers'
[    0.000000] x86/fpu: Supporting XSAVE feature 0x02: 'SSE registers'
[    0.000000] x86/fpu: Supporting XSAVE feature 0x04: 'AVX registers'
[    0.000000] x86/fpu: Enabled xstate features 0x7, context size is 832 bytes, using 'standard' format.
[    0.000000] e820: BIOS-provided physical RAM map:
[    0.000000] BIOS-e820: [mem 0x0000000000000000-0x000000000009fbff] usable
[    0.000000] BIOS-e820: [mem 0x000000000009fc00-0x000000000009ffff] reserved
[    0.000000] BIOS-e820: [mem 0x00000000000f0000-0x00000000000fffff] reserved
[    0.000000] BIOS-e820: [mem 0x0000000000100000-0x000000003ffeffff] usable
[    0.000000] BIOS-e820: [mem 0x000000003fff0000-0x000000003fffffff] ACPI data
[    0.000000] BIOS-e820: [mem 0x00000000fec00000-0x00000000fec00fff] reserved
[    0.000000] BIOS-e820: [mem 0x00000000fee00000-0x00000000fee00fff] reserved
[    0.000000] BIOS-e820: [mem 0x00000000fffc0000-0x00000000ffffffff] reserved
[    0.000000] NX (Execute Disable) protection: active
[    0.000000] SMBIOS 2.5 present.
[    0.000000] Hypervisor detected: KVM
[    0.000000] e820: last_pfn = 0x3fff0 max_arch_pfn = 0x400000000
[    0.000000] MTRR: Disabled
[    0.000000] x86/PAT: MTRRs disabled, skipping PAT initialization too.
[    0.000000] CPU MTRRs all blank - virtualized system.
[    0.000000] x86/PAT: Configuration [0-7]: WB  WT  UC- UC  WB  WT  UC- UC  
[    0.000000] found SMP MP-table at [mem 0x0009fff0-0x0009ffff] mapped at [ffff88000009fff0]
[    0.000000] Scanning 1 areas for low memory corruption
[    0.000000] RAMDISK: [mem 0x362fa000-0x37174fff]
[    0.000000] ACPI: Early table checksum verification disabled
[    0.000000] ACPI: RSDP 0x00000000000E0000 000024 (v02 VBOX  )
[    0.000000] ACPI: XSDT 0x000000003FFF0030 00003C (v01 VBOX   VBOXXSDT 00000001 ASL  00000061)
[    0.000000] ACPI: FACP 0x000000003FFF00F0 0000F4 (v04 VBOX   VBOXFACP 00000001 ASL  00000061)
[    0.000000] ACPI: DSDT 0x000000003FFF0470 0022EA (v02 VBOX   VBOXBIOS 00000002 INTL 20100528)
[    0.000000] ACPI: FACS 0x000000003FFF0200 000040
[    0.000000] ACPI: FACS 0x000000003FFF0200 000040
[    0.000000] ACPI: APIC 0x000000003FFF0240 00005C (v02 VBOX   VBOXAPIC 00000001 ASL  00000061)
[    0.000000] ACPI: SSDT 0x000000003FFF02A0 0001CC (v01 VBOX   VBOXCPUT 00000002 INTL 20100528)
[    0.000000] No NUMA configuration found
[    0.000000] Faking a node at [mem 0x0000000000000000-0x000000003ffeffff]
[    0.000000] NODE_DATA(0) allocated [mem 0x3ffeb000-0x3ffeffff]
[    0.000000] kvm-clock: Using msrs 4b564d01 and 4b564d00
[    0.000000] kvm-clock: cpu 0, msr 0:3ffe3001, primary cpu clock
[    0.000000] kvm-clock: using sched offset of 3515677907 cycles
[    0.000000] clocksource: kvm-clock: mask: 0xffffffffffffffff max_cycles: 0x1cd42e4dffb, max_idle_ns: 881590591483 ns
[    0.000000] Zone ranges:
[    0.000000]   DMA      [mem 0x0000000000001000-0x0000000000ffffff]
[    0.000000]   DMA32    [mem 0x0000000001000000-0x000000003ffeffff]
[    0.000000]   Normal   empty
[    0.000000]   Device   empty
[    0.000000] Movable zone start for each node
[    0.000000] Early memory node ranges
[    0.000000]   node   0: [mem 0x0000000000001000-0x000000000009efff]
[    0.000000]   node   0: [mem 0x0000000000100000-0x000000003ffeffff]
[    0.000000] Initmem setup node 0 [mem 0x0000000000001000-0x000000003ffeffff]
[    0.000000] ACPI: PM-Timer IO Port: 0x4008
[    0.000000] IOAPIC[0]: apic_id 2, version 32, address 0xfec00000, GSI 0-23
[    0.000000] ACPI: INT_SRC_OVR (bus 0 bus_irq 0 global_irq 2 dfl dfl)
[    0.000000] ACPI: INT_SRC_OVR (bus 0 bus_irq 9 global_irq 9 low level)
[    0.000000] Using ACPI (MADT) for SMP configuration information
[    0.000000] smpboot: Allowing 2 CPUs, 0 hotplug CPUs
[    0.000000] PM: Registered nosave memory: [mem 0x00000000-0x00000fff]
[    0.000000] PM: Registered nosave memory: [mem 0x0009f000-0x0009ffff]
[    0.000000] PM: Registered nosave memory: [mem 0x000a0000-0x000effff]
[    0.000000] PM: Registered nosave memory: [mem 0x000f0000-0x000fffff]
[    0.000000] e820: [mem 0x40000000-0xfebfffff] available for PCI devices
[    0.000000] Booting paravirtualized kernel on KVM
[    0.000000] clocksource: refined-jiffies: mask: 0xffffffff max_cycles: 0xffffffff, max_idle_ns: 7645519600211568 ns
[    0.000000] setup_percpu: NR_CPUS:512 nr_cpumask_bits:512 nr_cpu_ids:2 nr_node_ids:1
[    0.000000] PERCPU: Embedded 34 pages/cpu @ffff88003fc00000 s99544 r8192 d31528 u1048576
[    0.000000] Built 1 zonelists in Node order, mobility grouping on.  Total pages: 257912
[    0.000000] Policy zone: DMA32
[    0.000000] Kernel command line: BOOT_IMAGE=/boot/vmlinuz-4.4.0-165-generic root=LABEL=cloudimg-rootfs ro console=tty1 console=ttyS0
[    0.000000] PID hash table entries: 4096 (order: 3, 32768 bytes)
[    0.000000] Memory: 997732K/1048120K available (8621K kernel code, 1335K rwdata, 4032K rodata, 1484K init, 1284K bss, 50388K reserved, 0K cma-reserved)
[    0.000000] SLUB: HWalign=64, Order=0-3, MinObjects=0, CPUs=2, Nodes=1
[    0.000000] Kernel/User page tables isolation: enabled
[    0.000000] Hierarchical RCU implementation.
[    0.000000] 	Build-time adjustment of leaf fanout to 64.
[    0.000000] 	RCU restricting CPUs from NR_CPUS=512 to nr_cpu_ids=2.
[    0.000000] RCU: Adjusting geometry for rcu_fanout_leaf=64, nr_cpu_ids=2
[    0.000000] NR_IRQS:33024 nr_irqs:440 16
[    0.000000] Console: colour VGA+ 80x25
[    0.000000] console [tty1] enabled
[    0.000000] console [ttyS0] enabled
[    0.000000] tsc: Detected 2712.000 MHz processor
[    0.197294] Calibrating delay loop (skipped) preset value.. 5424.00 BogoMIPS (lpj=10848000)
[    0.199715] pid_max: default: 32768 minimum: 301
[    0.201116] ACPI: Core revision 20150930
[    0.204334] ACPI: 2 ACPI AML tables successfully acquired and loaded
[    0.206318] Security Framework initialized
[    0.207589] Yama: becoming mindful.
[    0.208669] AppArmor: AppArmor initialized
[    0.209935] Dentry cache hash table entries: 131072 (order: 8, 1048576 bytes)
[    0.214947] Inode-cache hash table entries: 65536 (order: 7, 524288 bytes)
[    0.216902] Mount-cache hash table entries: 2048 (order: 2, 16384 bytes)
[    0.218638] Mountpoint-cache hash table entries: 2048 (order: 2, 16384 bytes)
[    0.220531] Initializing cgroup subsys io
[    0.221596] Initializing cgroup subsys memory
[    0.222710] Initializing cgroup subsys devices
[    0.223829] Initializing cgroup subsys freezer
[    0.225012] Initializing cgroup subsys net_cls
[    0.226152] Initializing cgroup subsys perf_event
[    0.227339] Initializing cgroup subsys net_prio
[    0.228516] Initializing cgroup subsys hugetlb
[    0.229641] Initializing cgroup subsys pids
[    0.232497] mce: CPU supports 0 MCE banks
[    0.233610] Last level iTLB entries: 4KB 64, 2MB 8, 4MB 8
[    0.234927] Last level dTLB entries: 4KB 64, 2MB 0, 4MB 0, 1GB 4
[    0.236421] Spectre V1 : Mitigation: usercopy/swapgs barriers and __user pointer sanitization
[    0.238565] Spectre V2 : Mitigation: Full generic retpoline
[    0.239950] Spectre V2 : Spectre v2 / SpectreRSB mitigation: Filling RSB on context switch
[    0.242123] Speculative Store Bypass: Vulnerable
[    0.243649] MDS: Vulnerable: Clear CPU buffers attempted, no microcode
[    0.249797] Freeing SMP alternatives memory: 36K
[    0.258350] ftrace: allocating 32318 entries in 127 pages
[    0.334859] smpboot: APIC(0) Converting physical 0 to logical package 0
[    0.336681] smpboot: Max logical packages: 1
[    0.338292] x2apic enabled
[    0.339575] Switched APIC routing to physical x2apic.
[    0.342606] ..TIMER: vector=0x30 apic1=0 pin1=2 apic2=-1 pin2=-1
[    0.452413] APIC calibration not consistent with PM-Timer: 98ms instead of 100ms
[    0.454647] APIC delta adjusted to PM-Timer: 6243703 (6157467)
[    0.456327] smpboot: CPU0: Intel(R) Core(TM) i5-7200U CPU @ 2.50GHz (family: 0x6, model: 0x8e, stepping: 0x9)
[    0.459302] Performance Events: unsupported p6 CPU model 142 no PMU driver, software events only.
[    0.474903] KVM setup paravirtual spinlock
[    0.477270] x86: Booting SMP configuration:
[    0.478984] .... node  #0, CPUs:      #1
[    0.480608] kvm-clock: cpu 1, msr 0:3ffe3041, secondary cpu clock
[    0.483799] mce: CPU supports 0 MCE banks
[    0.486990] x86: Booted up 1 node, 2 CPUs
[    0.488927] smpboot: Total of 2 processors activated (10848.00 BogoMIPS)
[    0.491951] devtmpfs: initialized
[    0.494925] evm: security.selinux
[    0.496323] evm: security.SMACK64
[    0.497755] evm: security.SMACK64EXEC
[    0.499292] evm: security.SMACK64TRANSMUTE
[    0.500909] evm: security.SMACK64MMAP
[    0.502450] evm: security.ima
[    0.503719] evm: security.capability
[    0.505614] clocksource: jiffies: mask: 0xffffffff max_cycles: 0xffffffff, max_idle_ns: 7645041785100000 ns
[    0.509277] futex hash table entries: 512 (order: 3, 32768 bytes)
[    0.511671] pinctrl core: initialized pinctrl subsystem
[    0.513819] RTC time: 13:40:35, date: 10/10/19
[    0.515743] NET: Registered protocol family 16
[    0.531502] cpuidle: using governor ladder
[    0.547154] cpuidle: using governor menu
[    0.548764] PCCT header not found.
[    0.550330] ACPI: bus type PCI registered
[    0.551954] acpiphp: ACPI Hot Plug PCI Controller Driver version: 0.5
[    0.554714] PCI: Using configuration type 1 for base access
[    0.571411] ACPI: Added _OSI(Module Device)
[    0.572915] ACPI: Added _OSI(Processor Device)
[    0.574509] ACPI: Added _OSI(3.0 _SCP Extensions)
[    0.576140] ACPI: Added _OSI(Processor Aggregator Device)
[    0.578950] ACPI: Executed 1 blocks of module-level executable AML code
[    0.584757] ACPI: Interpreter enabled
[    0.586436] ACPI: (supports S0 S5)
[    0.587819] ACPI: Using IOAPIC for interrupt routing
[    0.590330] PCI: Using host bridge windows from ACPI; if necessary, use "pci=nocrs" and report a bug
[    0.599356] ACPI: PCI Root Bridge [PCI0] (domain 0000 [bus 00-ff])
[    0.601403] acpi PNP0A03:00: _OSC: OS supports [ASPM ClockPM Segments MSI]
[    0.604031] acpi PNP0A03:00: _OSC: not requesting OS control; OS requires [ExtendedConfig ASPM ClockPM MSI]
[    0.607328] acpi PNP0A03:00: fail to add MMCONFIG information, can't access extended PCI configuration space under this bridge.
[    0.611229] PCI host bridge to bus 0000:00
[    0.612333] pci_bus 0000:00: root bus resource [io  0x0000-0x0cf7 window]
[    0.613880] pci_bus 0000:00: root bus resource [io  0x0d00-0xffff window]
[    0.615403] pci_bus 0000:00: root bus resource [mem 0x000a0000-0x000bffff window]
[    0.617410] pci_bus 0000:00: root bus resource [mem 0x40000000-0xfdffffff window]
[    0.619394] pci_bus 0000:00: root bus resource [bus 00-ff]
[    0.622929] pci 0000:00:01.1: legacy IDE quirk: reg 0x10: [io  0x01f0-0x01f7]
[    0.639139] pci 0000:00:01.1: legacy IDE quirk: reg 0x14: [io  0x03f6]
[    0.640891] pci 0000:00:01.1: legacy IDE quirk: reg 0x18: [io  0x0170-0x0177]
[    0.642684] pci 0000:00:01.1: legacy IDE quirk: reg 0x1c: [io  0x0376]
[    0.666870] pci 0000:00:07.0: quirk: [io  0x4000-0x403f] claimed by PIIX4 ACPI
[    0.669014] pci 0000:00:07.0: quirk: [io  0x4100-0x410f] claimed by PIIX4 SMB
[    0.683818] ACPI: PCI Interrupt Link [LNKA] (IRQs 5 9 10 *11)
[    0.686224] ACPI: PCI Interrupt Link [LNKB] (IRQs 5 9 *10 11)
[    0.688543] ACPI: PCI Interrupt Link [LNKC] (IRQs 5 *9 10 11)
[    0.690746] ACPI: PCI Interrupt Link [LNKD] (IRQs 5 9 10 *11)
[    0.693083] ACPI: Enabled 2 GPEs in block 00 to 07
[    0.694847] vgaarb: setting as boot device: PCI:0000:00:02.0
[    0.696325] vgaarb: device added: PCI:0000:00:02.0,decodes=io+mem,owns=io+mem,locks=none
[    0.698667] vgaarb: loaded
[    0.699614] vgaarb: bridge control possible 0000:00:02.0
[    0.701283] SCSI subsystem initialized
[    0.702567] ACPI: bus type USB registered
[    0.703836] usbcore: registered new interface driver usbfs
[    0.705456] usbcore: registered new interface driver hub
[    0.706870] usbcore: registered new device driver usb
[    0.708611] PCI: Using ACPI for IRQ routing
[    0.710199] NetLabel: Initializing
[    0.711269] NetLabel:  domain hash size = 128
[    0.712489] NetLabel:  protocols = UNLABELED CIPSOv4
[    0.716804] NetLabel:  unlabeled traffic allowed by default
[    0.718870] amd_nb: Cannot enumerate AMD northbridges
[    0.720340] clocksource: Switched to clocksource kvm-clock
[    0.733813] AppArmor: AppArmor Filesystem Enabled
[    0.735225] pnp: PnP ACPI init
[    0.737153] pnp: PnP ACPI: found 3 devices
[    0.749445] clocksource: acpi_pm: mask: 0xffffff max_cycles: 0xffffff, max_idle_ns: 2085701024 ns
[    0.751982] NET: Registered protocol family 2
[    0.753421] TCP established hash table entries: 8192 (order: 4, 65536 bytes)
[    0.755203] TCP bind hash table entries: 8192 (order: 5, 131072 bytes)
[    0.756939] TCP: Hash tables configured (established 8192 bind 8192)
[    0.758568] UDP hash table entries: 512 (order: 2, 16384 bytes)
[    0.760111] UDP-Lite hash table entries: 512 (order: 2, 16384 bytes)
[    0.761914] NET: Registered protocol family 1
[    0.763251] pci 0000:00:00.0: Limiting direct PCI/PCI transfers
[    0.765141] pci 0000:00:01.0: Activating ISA DMA hang workarounds
[    0.766906] Unpacking initramfs...
[    1.043751] Freeing initrd memory: 14828K
[    1.045769] clocksource: tsc: mask: 0xffffffffffffffff max_cycles: 0x2717868ea45, max_idle_ns: 440795316085 ns
[    1.049857] platform rtc_cmos: registered platform RTC device (no PNP device found)
[    1.052062] Scanning for low memory corruption every 60 seconds
[    1.054339] audit: initializing netlink subsys (disabled)
[    1.055809] audit: type=2000 audit(1570714840.407:1): initialized
[    1.057739] Initialise system trusted keyring
[    1.059320] HugeTLB registered 2 MB page size, pre-allocated 0 pages
[    1.062598] zbud: loaded
[    1.064026] VFS: Disk quotas dquot_6.6.0
[    1.065327] VFS: Dquot-cache hash table entries: 512 (order 0, 4096 bytes)
[    1.067373] squashfs: version 4.0 (2009/01/31) Phillip Lougher
[    1.069444] fuse init (API version 7.23)
[    1.070953] Key type big_key registered
[    1.072149] Allocating IMA MOK and blacklist keyrings.
[    1.077171] Key type asymmetric registered
[    1.078260] Asymmetric key parser 'x509' registered
[    1.079506] Block layer SCSI generic (bsg) driver version 0.4 loaded (major 249)
[    1.081781] io scheduler noop registered
[    1.082982] io scheduler deadline registered (default)
[    1.084411] io scheduler cfq registered
[    1.085707] pci_hotplug: PCI Hot Plug PCI Core version: 0.5
[    1.087191] pciehp: PCI Express Hot Plug Controller Driver version: 0.4
[    1.089307] ACPI: AC Adapter [AC] (on-line)
[    1.091083] input: Power Button as /devices/LNXSYSTM:00/LNXPWRBN:00/input/input0
[    1.093340] ACPI: Power Button [PWRF]
[    1.094636] input: Sleep Button as /devices/LNXSYSTM:00/LNXSLPBN:00/input/input1
[    1.096816] ACPI: Sleep Button [SLPF]
[    1.098210] GHES: HEST is not enabled!
[    1.099220] ACPI: Battery Slot [BAT0] (battery present)
[    1.100850] Serial: 8250/16550 driver, 32 ports, IRQ sharing enabled
[    1.123293] 00:02: ttyS0 at I/O 0x3f8 (irq = 4, base_baud = 115200) is a 16550A
[    1.128952] Linux agpgart interface v0.103
[    1.132043] loop: module loaded
[    1.133668] scsi host0: ata_piix
[    1.134743] scsi host1: ata_piix
[    1.135703] ata1: PATA max UDMA/33 cmd 0x1f0 ctl 0x3f6 bmdma 0xd000 irq 14
[    1.137311] ata2: PATA max UDMA/33 cmd 0x170 ctl 0x376 bmdma 0xd008 irq 15
[    1.138981] libphy: Fixed MDIO Bus: probed
[    1.140214] tun: Universal TUN/TAP device driver, 1.6
[    1.141643] tun: (C) 1999-2004 Max Krasnyansky <maxk@qualcomm.com>
[    1.143176] PPP generic driver version 2.4.2
[    1.144380] ehci_hcd: USB 2.0 'Enhanced' Host Controller (EHCI) Driver
[    1.145940] ehci-pci: EHCI PCI platform driver
[    1.147086] ehci-platform: EHCI generic platform driver
[    1.148407] ohci_hcd: USB 1.1 'Open' Host Controller (OHCI) Driver
[    1.149830] ohci-pci: OHCI PCI platform driver
[    1.150969] ohci-platform: OHCI generic platform driver
[    1.152236] uhci_hcd: USB Universal Host Controller Interface driver
[    1.153812] i8042: PNP: PS/2 Controller [PNP0303:PS2K,PNP0f03:PS2M] at 0x60,0x64 irq 1,12
[    1.157095] serio: i8042 KBD port at 0x60,0x64 irq 1
[    1.159033] serio: i8042 AUX port at 0x60,0x64 irq 12
[    1.161318] mousedev: PS/2 mouse device common for all mice
[    1.163946] input: AT Translated Set 2 keyboard as /devices/platform/i8042/serio0/input/input2
[    1.167935] rtc_cmos rtc_cmos: rtc core: registered rtc_cmos as rtc0
[    1.170312] rtc_cmos rtc_cmos: alarms up to one day, 114 bytes nvram
[    1.172657] i2c /dev entries driver
[    1.174110] device-mapper: uevent: version 1.0.3
[    1.176016] device-mapper: ioctl: 4.34.0-ioctl (2015-10-28) initialised: dm-devel@redhat.com
[    1.179370] ledtrig-cpu: registered to indicate activity on CPUs
[    1.181951] NET: Registered protocol family 10
[    1.183788] NET: Registered protocol family 17
[    1.185662] Key type dns_resolver registered
[    1.187886] registered taskstats version 1
[    1.189556] Loading compiled-in X.509 certificates
[    1.191551] Loaded X.509 cert 'Build time autogenerated kernel key: 0ed82eac04367aa6426493b1389455ebf6830eaa'
[    1.195507] zswap: loaded using pool lzo/zbud
[    1.198869] Key type trusted registered
[    1.203768] Key type encrypted registered
[    1.204971] AppArmor: AppArmor sha1 policy hashing enabled
[    1.206333] ima: No TPM chip found, activating TPM-bypass!
[    1.207690] ima: Allocated hash algorithm: sha1
[    1.208919] evm: HMAC attrs: 0x1
[    1.210365]   Magic number: 7:287:685
[    1.211933]  clocksource: hash matches
[    1.213447] rtc_cmos rtc_cmos: setting system clock to 2019-10-10 13:40:35 UTC (1570714835)
[    1.215915] BIOS EDD facility v0.16 2004-Jun-25, 0 devices found
[    1.217410] EDD information not available.
[    1.297863] Freeing unused kernel memory: 1484K
[    1.299480] Write protecting the kernel read-only data: 14336k
[    1.302063] Freeing unused kernel memory: 1608K
[    1.304047] Freeing unused kernel memory: 64K
Loading, please wait...
starting version 229
[    1.326840] random: systemd-udevd: uninitialized urandom read (16 bytes read, 3 bits of entropy available)
[    1.329541] random: udevadm: uninitialized urandom read (16 bytes read, 3 bits of entropy available)
[    1.329569] random: udevadm: uninitialized urandom read (16 bytes read, 3 bits of entropy available)
[    1.339449] random: systemd-udevd: uninitialized urandom read (16 bytes read, 3 bits of entropy available)
[    1.342587] random: systemd-udevd: uninitialized urandom read (16 bytes read, 3 bits of entropy available)
[    1.343714] random: udevadm: uninitialized urandom read (16 bytes read, 3 bits of entropy available)
[    1.343773] random: udevadm: uninitialized urandom read (16 bytes read, 3 bits of entropy available)
[    1.344009] random: udevadm: uninitialized urandom read (16 bytes read, 3 bits of entropy available)
[    1.344081] random: udevadm: uninitialized urandom read (16 bytes read, 3 bits of entropy available)
[    1.344153] random: udevadm: uninitialized urandom read (16 bytes read, 3 bits of entropy available)
[    1.404825] Fusion MPT base driver 3.04.20
[    1.406488] Copyright (c) 1999-2008 LSI Corporation
[    1.412663] e1000: Intel(R) PRO/1000 Network Driver - version 7.3.21-k8-NAPI
[    1.415356] e1000: Copyright (c) 1999-2006 Intel Corporation.
[    1.428595] Fusion MPT SPI Host driver 3.04.20
[    1.435979] AVX2 version of gcm_enc/dec engaged.
[    1.438035] AES CTR mode by8 optimization enabled
[    1.439457] mptbase: ioc0: Initiating bringup
[    1.505213] ioc0: LSI53C1030 A0: Capabilities={Initiator}
[    1.628377] input: ImExPS/2 Generic Explorer Mouse as /devices/platform/i8042/serio1/input/input4
[    2.032551] scsi host2: ioc0: LSI53C1030 A0, FwRev=00000000h, Ports=1, MaxQ=256, IRQ=20
[    3.557930] scsi 2:0:0:0: Direct-Access     VBOX     HARDDISK         1.0  PQ: 0 ANSI: 5
[    3.560675] scsi target2:0:0: Beginning Domain Validation
[    3.565271] scsi target2:0:0: Domain Validation skipping write tests
[    3.567360] scsi target2:0:0: Ending Domain Validation
[    3.569184] scsi target2:0:0: asynchronous
[    3.571784] scsi 2:0:1:0: Direct-Access     VBOX     HARDDISK         1.0  PQ: 0 ANSI: 5
[    3.574537] scsi target2:0:1: Beginning Domain Validation
[    3.578934] scsi target2:0:1: Domain Validation skipping write tests
[    3.580531] scsi target2:0:1: Ending Domain Validation
[    3.600542] scsi target2:0:1: asynchronous
[    3.654274] sd 2:0:0:0: Attached scsi generic sg0 type 0
[    3.656141] sd 2:0:0:0: [sda] 20971520 512-byte logical blocks: (10.7 GB/10.0 GiB)
[    3.659205] sd 2:0:1:0: [sdb] 20480 512-byte logical blocks: (10.5 MB/10.0 MiB)
[    3.661867] sd 2:0:1:0: Attached scsi generic sg1 type 0
[    3.664155] sd 2:0:1:0: [sdb] Write Protect is off
[    3.666108] sd 2:0:0:0: [sda] Write Protect is off
[    3.668268] sd 2:0:0:0: [sda] Incomplete mode parameter data
[    3.670154] sd 2:0:0:0: [sda] Assuming drive cache: write through
[    3.672066] sd 2:0:1:0: [sdb] Incomplete mode parameter data
[    3.673944] sd 2:0:1:0: [sdb] Assuming drive cache: write through
[    3.679291]  sda: sda1
[    3.681395] sd 2:0:1:0: [sdb] Attached SCSI disk
[    3.683031] sd 2:0:0:0: [sda] Attached SCSI disk
[    3.960865] e1000 0000:00:03.0 eth0: (PCI:33MHz:32-bit) 02:0e:9b:2d:5b:92
[    3.962967] e1000 0000:00:03.0 eth0: Intel(R) PRO/1000 Network Connection
[    4.512440] e1000 0000:00:08.0 eth1: (PCI:33MHz:32-bit) 08:00:27:81:8c:eb
[    4.514470] e1000 0000:00:08.0 eth1: Intel(R) PRO/1000 Network Connection
[    4.517695] e1000 0000:00:03.0 enp0s3: renamed from eth0
[    4.532775] e1000 0000:00:08.0 enp0s8: renamed from eth1
Begin: Loading essential drivers ... [    6.048960] md: linear personality registered for level -1
[    6.053065] md: multipath personality registered for level -4
[    6.057095] md: raid0 personality registered for level 0
[    6.062388] md: raid1 personality registered for level 1
[    6.132462] raid6: sse2x1   gen() 10449 MB/s
[    6.200816] raid6: sse2x1   xor()  6024 MB/s
[    6.268402] raid6: sse2x2   gen()  8785 MB/s
[    6.336441] raid6: sse2x2   xor()  8713 MB/s
[    6.404760] raid6: sse2x4   gen() 14603 MB/s
[    6.472395] raid6: sse2x4   xor()  6833 MB/s
[    6.540539] raid6: avx2x1   gen() 18458 MB/s
[    6.608786] raid6: avx2x2   gen() 23629 MB/s
[    6.676582] raid6: avx2x4   gen() 24974 MB/s
[    6.677867] raid6: using algorithm avx2x4 gen() 24974 MB/s
[    6.679364] raid6: using avx2x2 recovery algorithm
[    6.682161] xor: automatically using best checksumming function:
[    6.720540]    avx       : 21884.000 MB/sec
[    6.723246] async_tx: api initialized (async)
[    6.736437] md: raid6 personality registered for level 6
[    6.737878] md: raid5 personality registered for level 5
[    6.739448] md: raid4 personality registered for level 4
[    6.748355] md: raid10 personality registered for level 10
done.
Begin: Running /scripts/init-premount ... done.
Begin: Mounting root file system ... Begin: Running /scripts/local-top ... done.
Begin: Running /scripts/local-premount ... [    6.782955] Btrfs loaded
Scanning for Btrfs filesystems
done.
Warning: fsck not present, so skipping root file system
[    6.825500] EXT4-fs (sda1): mounted filesystem with ordered data mode. Opts: (null)
done.
Begin: Running /scripts/local-bottom ... done.
Begin: Running /scripts/init-bottom ... done.
[    6.934085] systemd[1]: systemd 229 running in system mode. (+PAM +AUDIT +SELINUX +IMA +APPARMOR +SMACK +SYSVINIT +UTMP +LIBCRYPTSETUP +GCRYPT +GNUTLS +ACL +XZ -LZ4 +SECCOMP +BLKID +ELFUTILS +KMOD -IDN)
[    6.938292] systemd[1]: Detected virtualization oracle.
[    6.939568] systemd[1]: Detected architecture x86-64.

Welcome to [1mUbuntu 16.04.6 LTS[0m!

[    6.943919] systemd[1]: Set hostname to <ubuntu>.
[    6.947519] systemd[1]: Initializing machine ID from random generator.
[    6.949139] systemd[1]: Installed transient /etc/machine-id file.
[    7.090081] systemd[1]: Listening on Journal Socket (/dev/log).
[[0;32m  OK  [0m] Listening on Journal Socket (/dev/log).
[    7.092888] systemd[1]: Listening on /dev/initctl Compatibility Named Pipe.
[[0;32m  OK  [0m] Listening on /dev/initctl Compatibility Named Pipe.
[    7.095650] systemd[1]: Reached target Encrypted Volumes.
[[0;32m  OK  [0m] Reached target Encrypted Volumes.
[    7.098431] systemd[1]: Created slice User and Session Slice.
[[0;32m  OK  [0m] Created slice User and Session Slice.
[    7.101159] systemd[1]: Listening on LVM2 metadata daemon socket.
[[0;32m  OK  [0m] Listening on LVM2 metadata daemon socket.
[    7.104012] systemd[1]: Listening on Journal Audit Socket.
[[0;32m  OK  [0m] Listening on Journal Audit Socket.
[    7.106465] systemd[1]: Listening on Syslog Socket.
[[0;32m  OK  [0m] Listening on Syslog Socket.
[    7.108975] systemd[1]: Reached target User and Group Name Lookups.
[[0;32m  OK  [0m] Reached target User and Group Name Lookups.
[    7.111937] systemd[1]: Listening on LVM2 poll daemon socket.
[[0;32m  OK  [0m] Listening on LVM2 poll daemon socket.
[    7.114872] systemd[1]: Created slice System Slice.
[[0;32m  OK  [0m] Created slice System Slice.
[    7.117567] systemd[1]: Created slice system-serial\x2dgetty.slice.
[[0;32m  OK  [0m] Created slice system-serial\x2dgetty.slice.
[    7.120069] systemd[1]: Reached target Slices.
[[0;32m  OK  [0m] Reached target Slices.
[    7.122187] systemd[1]: Reached target System Time Synchronized.
[[0;32m  OK  [0m] Reached target System Time Synchronized.
[    7.124767] systemd[1]: Started Trigger resolvconf update for networkd DNS.
[[0;32m  OK  [0m] Started Trigger resolvconf update for networkd DNS.
[    7.127851] systemd[1]: Listening on udev Kernel Socket.
[[0;32m  OK  [0m] Listening on udev Kernel Socket.
[    7.130344] systemd[1]: Reached target Swap.
[[0;32m  OK  [0m] Reached target Swap.
[    7.132470] systemd[1]: Set up automount Arbitrary Executable File Formats File System Automount Point.
[[0;32m  OK  [0m] Set up automount Arbitrary Executab...ats File System Automount Point.
[    7.136466] systemd[1]: Listening on Device-mapper event daemon FIFOs.
[[0;32m  OK  [0m] Listening on Device-mapper event daemon FIFOs.
[    7.139297] systemd[1]: Started Forward Password Requests to Wall Directory Watch.
[[0;32m  OK  [0m] Started Forward Password Requests to Wall Directory Watch.
[    7.142746] systemd[1]: Listening on udev Control Socket.
[[0;32m  OK  [0m] Listening on udev Control Socket.
[    7.145203] systemd[1]: Listening on Journal Socket.
[[0;32m  OK  [0m] Listening on Journal Socket.
[    7.157300] systemd[1]: Starting Set console keymap...
         Starting Set console keymap...
[    7.161005] systemd[1]: Starting Journal Service...
         Starting Journal Service...
[    7.165427] systemd[1]: Mounting POSIX Message Queue File System...
         Mounting POSIX Message Queue File System...
[    7.170178] systemd[1]: Starting Nameserver information manager...
         Starting Nameserver information manager...
[    7.173904] systemd[1]: Starting Remount Root and Kernel File Systems...
[    7.179538] EXT4-fs (sda1): re-mounted. Opts: (null)
         Starting Remount Root and Kernel File Systems...
[    7.183773] systemd[1]: Starting Create list of required static device nodes for the current kernel...
         Starting Create list of required st... nodes for the current kernel...
[    7.192290] systemd[1]: Mounting Debug File System...
         Mounting Debug File System...
[    7.197370] systemd[1]: Starting Monitoring of LVM2 mirrors, snapshots etc. using dmeventd or progress polling...
         Starting Monitoring of LVM2 mirrors... dmeventd or progress polling...
[    7.232770] systemd[1]: Starting Load Kernel Modules...
         Starting Load Kernel Modules...
[    7.236425] systemd[1]: Starting Uncomplicated firewall...
         Starting Uncomplicated firewall...
[    7.241484] systemd[1]: Mounting Huge Pages File System...
         Mounting Huge Pages File System...
[    7.246090] systemd[1]: Mounted POSIX Message Queue File System.
[[0;32m  OK  [0m] Mounted POSIX Message Queue File System.
[    7.249402] systemd[1]: Mounted Debug File System.
[[0;32m  OK  [0m] Mounted Debug File System.
[    7.252095] systemd[1]: Mounted Huge Pages File System.
[[0;32m  OK  [0m] Mounted Huge Pages File System.
[    7.255243] systemd[1]: Started Journal Service.
[[0;32m  OK  [0m] Started Journal Service.
[    7.258832] Loading iSCSI transport class v2.0-870.
[[0;32m  OK  [0m] Started Remount Root and Kernel File Systems.
[[0;32m  OK  [0m] Started Create list of required sta...ce nodes for the current kernel.
[[0;32m  OK  [0m] Started Uncomplicated firewall.
[[0;32m  OK  [0m] Started Nameserver information manager.
[    7.278086] iscsi: registered transport (tcp)
[    7.345955] iscsi: registered transport (iser)
[[0;32m  OK  [0m] Started LVM2 metadata daemon.
         Starting Create Static Device Nodes in /dev...
         Starting udev Coldplug all Devices...
         Starting Load/Save Random Seed...
         Starting Flush Journal to Persistent Storage...
[[0;32m  OK  [0m] Started Set console keymap.
[[0;32m  OK  [0m] Started Load Kernel Modules.
[[0;32m  OK  [0m] Started Load/Save Random Seed.
[[0;32m  OK  [0m] Started Create Static Device Nodes in /dev.
[    7.430344] systemd-journald[374]: Received request to flush runtime journal from PID 1
[[0;32m  OK  [0m] Started Flush Journal to Persistent Storage.
         Starting udev Kernel Device Manager...
         Starting Apply Kernel Variables...
         Mounting FUSE Control File System...
[[0;32m  OK  [0m] Mounted FUSE Control File System.
[[0;32m  OK  [0m] Started Apply Kernel Variables.
[[0;32m  OK  [0m] Started udev Coldplug all Devices.
[[0;32m  OK  [0m] Started udev Kernel Device Manager.
[[0;32m  OK  [0m] Started Dispatch Password Requests to Console Directory Watch.
[[0;32m  OK  [0m] Started Monitoring of LVM2 mirrors,...ng dmeventd or progress polling.
[[0;32m  OK  [0m] Reached target Local File Systems (Pre).
[[0;32m  OK  [0m] Reached target Local File Systems.
         Starting Initial cloud-init job (pre-networking)...
         Starting Create Volatile Files and Directories...
         Starting Set console font and keymap...
         Starting Commit a transient machine-id on disk...
         Starting LSB: AppArmor initialization...
         Starting Tell Plymouth To Write Out Runtime Data...
[[0;32m  OK  [0m] Started Tell Plymouth To Write Out Runtime Data.
[[0;32m  OK  [0m] Started Create Volatile Files and Directories.
[[0;32m  OK  [0m] Started Commit a transient machine-id on disk.
         Starting Update UTMP about System Boot/Shutdown...
[[0;32m  OK  [0m] Started Update UTMP about System Boot/Shutdown.
[[0;32m  OK  [0m] Found device /dev/ttyS0.
[[0;32m  OK  [0m] Listening on Load/Save RF Kill Switch Status /dev/rfkill Watch.
[    9.117009] cloud-init[486]: Cloud-init v. 19.2-36-g059d049c-0ubuntu1~16.04.1 running 'init-local' at Thu, 10 Oct 2019 13:40:43 +0000. Up 8.58 seconds.
[[0;32m  OK  [0m] Started Initial cloud-init job (pre-networking).
[[0;32m  OK  [0m] Reached target Network (Pre).
[[0;32m  OK  [0m] Started LSB: AppArmor initialization.
         Starting Raise network interfaces...
[[0;32m  OK  [0m] Started Set console font and keymap.
[[0;32m  OK  [0m] Created slice system-getty.slice.
[[0;32m  OK  [0m] Started Raise network interfaces.
[[0;32m  OK  [0m] Reached target Network.
         Starting Initial cloud-init job (metadata service crawler)...
[   11.538479] cloud-init[974]: Cloud-init v. 19.2-36-g059d049c-0ubuntu1~16.04.1 running 'init' at Thu, 10 Oct 2019 13:40:45 +0000. Up 10.84 seconds.
[   11.540796] cloud-init[974]: ci-info: ++++++++++++++++++++++++++++++++++++++Net device info++++++++++++++++++++++++++++++++++++++
[   11.542944] cloud-init[974]: ci-info: +--------+-------+---------------------------+---------------+--------+-------------------+
[   11.545137] cloud-init[974]: ci-info: | Device |   Up  |          Address          |      Mask     | Scope  |     Hw-Address    |
[   11.552452] cloud-init[974]: ci-info: +--------+-------+---------------------------+---------------+--------+-------------------+
[   11.554520] cloud-init[974]: ci-info: | enp0s3 |  True |         10.0.2.15         | 255.255.255.0 | global | 02:0e:9b:2d:5b:92 |
[   11.556583] cloud-init[974]: ci-info: | enp0s3 |  True | fe80::e:9bff:fe2d:5b92/64 |       .       |  link  | 02:0e:9b:2d:5b:92 |
[   11.558687] cloud-init[974]: ci-info: | enp0s8 | False |             .             |       .       |   .    | 08:00:27:81:8c:eb |
[   11.560710] cloud-init[974]: ci-info: |   lo   |  True |         127.0.0.1         |   255.0.0.0   |  host  |         .         |
[   11.562754] cloud-init[974]: ci-info: |   lo   |  True |          ::1/128          |       .       |  host  |         .         |
[   11.567752] cloud-init[974]: ci-info: +--------+-------+---------------------------+---------------+--------+-------------------+
[   11.570818] cloud-init[974]: ci-info: +++++++++++++++++++++++++++Route IPv4 info++++++++++++++++++++++++++++
[   11.573710] cloud-init[974]: ci-info: +-------+-------------+----------+---------------+-----------+-------+
[   11.576392] cloud-init[974]: ci-info: | Route | Destination | Gateway  |    Genmask    | Interface | Flags |
[   11.579036] cloud-init[974]: ci-info: +-------+-------------+----------+---------------+-----------+-------+
[   11.582105] cloud-init[974]: ci-info: |   0   |   0.0.0.0   | 10.0.2.2 |    0.0.0.0    |   enp0s3  |   UG  |
[   11.586125] cloud-init[974]: ci-info: |   1   |   10.0.2.0  | 0.0.0.0  | 255.255.255.0 |   enp0s3  |   U   |
[   11.588608] cloud-init[974]: ci-info: +-------+-------------+----------+---------------+-----------+-------+
[   11.591265] cloud-init[974]: ci-info: +++++++++++++++++++Route IPv6 info+++++++++++++++++++
[   11.593732] cloud-init[974]: ci-info: +-------+-------------+---------+-----------+-------+
[   11.604524] cloud-init[974]: ci-info: | Route | Destination | Gateway | Interface | Flags |[[0;32m  OK  [0m] Started Initial cloud-init job (metadata service crawler).
[[0;32m  OK  [0m] Reached target Cloud-config availability.

[   11.610795] [[0;32m  OK  [0m] Reached target System Initialization.
[[0;32m  OK  [0m] Listening on UUID daemon activation socket.
[[0;32m  OK  [0m] Listening on D-Bus System Message Bus Socket.
cloud-init[974]: ci-info: +-------+-------------+---------+-----------+-------+
[   11.615675] cloud-init[[0;32m  OK  [0m] Started ACPI Events Check.
[[0;32m  OK  [0m] Reached target Paths.
         Starting Socket activation for snappy daemon.
[[0;32m  OK  [0m] Started Daily apt download activities.
         Starting LXD - unix socket.
[[0;32m  OK  [0m] Started Daily Cleanup of Temporary Directories.
[[0;32m  OK  [0m] Listening on ACPID Listen Socket.
[[0;32m  OK  [0m] Started Daily apt upgrade and clean activities.
[[0;32m  OK  [0m] Reached target Timers.
[[0;32m  OK  [0m] Reached target Network is Online.
[974]: ci-info: |   0   |  fe80::/64  |    ::   |   enp0s3  |   U   |
[   11.631598] cloud-init[974]: ci-info: |   3   |   ff00::/8  |    ::   |   enp0s3  |   U   |
[   11.634225] cloud-init[974]: ci-info: +-------+-------------+---------+-----------+-------+
[   11.638348] cloud-init[974]: Generating public/private rsa key pair.
[   11.640960] cloud-init[974]: Your identification has been saved in /etc/ssh/ssh_host_rsa_key.         Starting iSCSI initiator daemon (iscsid)...
[[0;32m  OK  [0m] Listening on Socket activation for snappy daemon.
[
[0;32m  OK  [0m] Listening on LXD - unix socket.
[[0;32m  OK  [0m] Reached target Sockets.
[[0;32m  OK  [0m] Reached target Basic System.
[   11.663435] cloud-init[974]: Your public key has been saved in /etc/ssh/ssh_host_rsa_key.pub.
[   11.670378] [[0;32m  OK  [0m] Started ACPI event daemon.
cloud-init[974]:          Starting Accounts Service...
The key fingerprint is:         Starting Login Service...
         Starting Virtualbox guest utils...

[   11.675799] cloud-init[974]: SHA256:lG2aNm6K1fTm/9+Hyb/I9LnsX0h5Bp8xTr0H3G9XP/M root@ubuntu-xenial
[   11.678063] cloud-init[974]: The key's randomart image is:
         Starting Pollinate to seed the pseudo random number generator...
[   11.684450] cloud-init[974]: +---[RSA 2048]----+
[[0;32m  OK  [0m] Started Regular background program processing daemon.
         Starting /etc/rc.local Compatibility...
         Starting LXD - container startup/shutdown...
[[0;32m  OK  [0m] Started D-Bus System Message Bus.
[   11.703906] cloud-init[974]: |                 |
[   11.724750] cloud-init[974]: |         o   . ..|
[   11.731211] cloud-init[974]: |        o o   +++|
[   11.741719] cloud-init[974]: |       . +    o=O|
[   11.749802] cloud-init[974]: |        S     o*X|
[   11.754304] cloud-init[974]: |       = o   . =*|
[   11.756569] cloud-init[974]: |      . + o  o.oE|
[   11.758915] cloud-init[974]: |     o o o  o B =|
[   11.762048] cloud-init[974]: |    . .   ...+oXX|
[   11.768436] cloud-init[974]: +----[SHA256]-----+
[   11.771510] cloud-init[974]: Generating public/private dsa key pair.
[   11.775670] cloud-init[974]: Your identification has been saved in /etc/ssh/ssh_host_dsa_key.
[   11.779360] cloud-init[974]: Your public key has been saved in /etc/ssh/ssh_host_dsa_key.pub.
[   11.782283] cloud-init[974]: The key fingerprint is:
[   11.784086] cloud-init[974]: SHA256:5cghhePpRwJj0ZtkmkYtXr4uQBH3W98cbicLmQvJSqQ root@ubuntu-xenial
[   11.787074] cloud-init[974]: The key's randomart image is:
[   11.789139] cloud-init[974]: +---[DSA 1024]----+
[   11.791585] cloud-init[974]: |  ..o+ ..        |
[   11.793008] cloud-init[974]: |  ..*.O.         |
[   11.800633] [[0;32m  OK  [0m] Started FUSE filesystem for LXC.
         Starting System Logging Service...
         Starting LSB: MD monitoring daemon...
         Starting LSB: Record successful boot for GRUB...
[[0;32m  OK  [0m] Started Deferred execution scheduler.
         Starting Snappy daemon...
cloud-init[974]: |   = %+=o . .    |[[0;32m  OK  [0m] Started /etc/rc.local Compatibility.

[   11.831390] cloud-init[974]: |  . =oB*.B * .   |
[   11.837568] cloud-init[974]: | . .E.o+S * * .  |
[   11.841351] cloud-init[974]: |  .  .o... + +   |
[   11.847634] cloud-init[974]: |   . ...  . .    |
[   11.856459] cloud-init[974]: |    . .          |
[   11.863600] [[0;32m  OK  [0m] Started iSCSI initiator daemon (iscsid).
cloud-init[974]: |     .           |
[   11.867319] cloud-init[974]: +----[SHA256]-----+
[   11.868906] cloud-init[974]: Generating public/private ecdsa key pair.[[0;32m  OK  [0m] Started System Logging Service.

[   11.886575] cloud-init[974]: Your identification has been saved in /etc/ssh/ssh_host_ecdsa_key.
[   11.896809] cloud-init[974]: Your public key has been saved in /etc/ssh/ssh_host_ecdsa_key.pub.
[   11.900218] cloud-init[974]: The key fingerprint is:
[   11.903671] cloud-init[974]: SHA256:XgDwnXwbie1XcrZrDjXcaeSml7QYMeytH3b46HxLwSQ root@ubuntu-xenial
[   11.922922] cloud-init[974]: The key's randomart image is:
[   11.934970] cloud-init[974]: +---[ECDSA 256]---+
[   11.942122] cloud-init[974]: |    ...          |
[   11.945583] cloud-init[974]: |     . + + ..    |
[   11.959438] cloud-init[974]: |      . * = .E+o |
[   11.963972] cloud-init[974]: |         + o.*Xo.|
[   11.973437] cloud-init[974]: |        S + .o=X.|
[   11.984281] cloud-init[974]: |       . . . .O++|
[   11.998073] cloud-init[974]: |        .   .++B.|
[   12.005957] cloud-init[974]: |             ==o+|
[   12.009251] [[0;32m  OK  [0m] Started Login Service.
cloud-init[974]: |             .=+o|
[   12.015103] cloud-init[974]: +----[SHA256]-----+
[   12.022004] cloud-init[974]: Generating public/private ed25519 key pair.
[[0;32m  OK  [0m] Started Unattended Upgrades Shutdown.
         Starting Authenticate and Authorize Users to Run Privileged Tasks...
         Starting Login to default iSCSI targets...
[[0;32m  OK  [0m] Started LSB: Record successful boot for GRUB.
[   12.027760] cloud-init[974]: [[0;32m  OK  [0m] Started LSB: MD monitoring daemon.
Your identification has been saved in /etc/ssh/ssh_host_ed25519_key.
[   12.079873] cloud-init[974]: Your public key has been saved in /etc/ssh/ssh_host_ed25519_key.pub.[[0;32m  OK  [0m] Started LXD - container startup/shutdown.

[   12.100213] cloud-init[974]: The key fingerprint is:
[   12.104951] cloud-init[974]: SHA256://qTlEv0bC7+oLt/EG4Wyy4Xg0sRBCB+Mc+YWwDHS5Q root@ubuntu-xenial
[   12.111882] cloud-init[974]: [[0;32m  OK  [0m] Started Login to default iSCSI targets.
The key's randomart image is:[[0;32m  OK  [0m] Reached target Remote File Systems (Pre).
[[0;32m  OK  [0m] Reached target Remote File Systems.
         Starting LSB: daemon to balance interrupts for SMP systems...
         Starting LSB: automatic crash report generation...
         Starting LSB: Set the CPU Frequency Scaling governor to "ondemand"...
         Starting Permit User Sessions...
[[0;32m  OK  [0m] Started Permit User Sessions.
[[0;32m  OK  [0m] Started Authenticate and Authorize Users to Run Privileged Tasks.

[   12.202850] cloud-init[974]: +--[ED25519 256]--+         Starting Terminate Plymouth Boot Screen...
         Starting Hold until boot process finishes up...

[[0;32m  OK  [0m] Started Accounts Service.
[   12.212497] cloud-init[974]: |    o+Bo.o.      |
[   12.214918] cloud-init[974]: |   . oEO  .      |
[[0;32m  OK  [0m] Started LSB: automatic crash report generation.
[[0;32m  OK  [0m] Started Terminate Plymouth Boot Screen.
[[0;32m  OK  [0m] Started Hold until boot process finishes up.
[[0;32m  OK  [0m] Started Virtualbox guest utils.
[   12.239338] cloud-init[974]: |    ..+.+  .     |
[   12.258649] cloud-init[974]: |     ..o  . +    |
[   12.262893] cloud-init[974]: |      . S  * B   |
[   12.270843] cloud-init[974]: |         .o & +  |
[[0;32m  OK  [0m] Started Getty on tty1.
[   12.276309] cloud-init[974]: |         ..B.O   |
[   12.280448]          Starting Set console scheme...
cloud-init[974]: |          ooB.o  |
[[0;32m  OK  [0m] Started Serial Getty on ttyS0.
[   12.283300] cloud-init[974]: |          =X==.  |
[   12.289306] [[0;32m  OK  [0m] Reached target Login Prompts.
cloud-init[974]: +----[SHA256]-----+
[[0;32m  OK  [0m] Started LSB: Set the CPU Frequency Scaling governor to "ondemand".
[[0;32m  OK  [0m] Started Set console scheme.
[[0;32m  OK  [0m] Started LSB: daemon to balance interrupts for SMP systems.
[[0;32m  OK  [0m] Started Pollinate to seed the pseudo random number generator.
         Starting OpenBSD Secure Shell server...
[[0;32m  OK  [0m] Started Snappy daemon.
         Starting Wait until snapd is fully seeded...
[[0;32m  OK  [0m] Started OpenBSD Secure Shell server.
[[0;32m  OK  [0m] Created slice User Slice of vagrant.
         Starting User Manager for UID 1000...
[[0;32m  OK  [0m] Started Session 1 of user vagrant.
[[0;32m  OK  [0m] Started User Manager for UID 1000.
[[0;32m  OK  [0m] Started Wait until snapd is fully seeded.
         Starting Apply the settings specified in cloud-config...
[[0;32m  OK  [0m] Reached target Multi-User System.
[[0;32m  OK  [0m] Reached target Graphical Interface.
         Starting Update UTMP about System Runlevel Changes...
[[0;32m  OK  [0m] Started Update UTMP about System Runlevel Changes.
[   15.311467] cloud-init[1490]: Generating locales (this might take a while)...
[   16.578696] cloud-init[1490]:   en_US.UTF-8... done
[   16.580527] cloud-init[1490]: Generation complete.
[   16.955024] cloud-init[1490]: Cloud-init v. 19.2-36-g059d049c-0ubuntu1~16.04.1 running 'modules:config' at Thu, 10 Oct 2019 13:40:49 +0000. Up 15.05 seconds.
[[0;32m  OK  [0m] Started Apply the settings specified in cloud-config.
         Starting Execute cloud user/final scripts...
ci-info: no authorized ssh keys fingerprints found for user ubuntu.
<14>Oct 10 13:40:52 ec2: 
<14>Oct 10 13:40:52 ec2: #############################################################
<14>Oct 10 13:40:52 ec2: -----BEGIN SSH HOST KEY FINGERPRINTS-----
<14>Oct 10 13:40:52 ec2: 1024 SHA256:5cghhePpRwJj0ZtkmkYtXr4uQBH3W98cbicLmQvJSqQ root@ubuntu-xenial (DSA)
<14>Oct 10 13:40:52 ec2: 256 SHA256:XgDwnXwbie1XcrZrDjXcaeSml7QYMeytH3b46HxLwSQ root@ubuntu-xenial (ECDSA)
<14>Oct 10 13:40:52 ec2: 256 SHA256://qTlEv0bC7+oLt/EG4Wyy4Xg0sRBCB+Mc+YWwDHS5Q root@ubuntu-xenial (ED25519)
<14>Oct 10 13:40:52 ec2: 2048 SHA256:lG2aNm6K1fTm/9+Hyb/I9LnsX0h5Bp8xTr0H3G9XP/M root@ubuntu-xenial (RSA)
<14>Oct 10 13:40:52 ec2: -----END SSH HOST KEY FINGERPRINTS-----
<14>Oct 10 13:40:52 ec2: #############################################################
-----BEGIN SSH HOST KEY KEYS-----
ecdsa-sha2-nistp256 AAAAE2VjZHNhLXNoYTItbmlzdHAyNTYAAAAIbmlzdHAyNTYAAABBBAYTXkY7lh6gIWLbj7PN/4rQfi9tSZROU/yWhMxE/Io87hhA0m37zRFJQS/axUS9vSRdGbOo8y5evy4KzikWDRU= root@ubuntu-xenial
ssh-ed25519 AAAAC3NzaC1lZDI1NTE5AAAAIEtKK3ve3F8oaxndUkpfcJ9BYng7mLmClcAMfjaS/8wf root@ubuntu-xenial
ssh-rsa AAAAB3NzaC1yc2EAAAADAQABAAABAQC920g6izCVGMgUHar81Fzfv1rn07WzcbAINeJy9vPzsZIvRactGsxi+ZGAEJGjXYx3e5QrxM7JV+OXkRRHwErBofkMaS3F8+V85H/lWpLHaikX+vQsImIKii0N3Kd8bqJ16xSr2PRrMCcqHrYNRMfRpoo7nk+rA7g8YSvgR9gVn/BjCpiv0miCpJ5DM4HgG3aU33Q89dqvzeQ6dcR5JDHmgUmwYZyxrJrMq/99m/CWmSXlLR5kpwLjdEjYvuPzAB7h40a+v9egyED/9EPh0NlQxrK80td5BBeOqEHA+OA7avzlzogV5/sPHWxsJf+6Ko7uEhq171HVaMjD05EyDGWl root@ubuntu-xenial
-----END SSH HOST KEY KEYS-----
[   17.777212] cloud-init[1640]: Cloud-init v. 19.2-36-g059d049c-0ubuntu1~16.04.1 running 'modules:final' at Thu, 10 Oct 2019 13:40:52 +0000. Up 17.53 seconds.
[   17.782143] cloud-init[1640]: ci-info: no authorized ssh keys fingerprints found for user ubuntu.
[   17.784707] cloud-init[1640]: Cloud-init v. 19.2-36-g059d049c-0ubuntu1~16.04.1 finished at Thu, 10 Oct 2019 13:40:52 +0000. Datasource DataSourceNoCloud [seed=/dev/sdb][dsmode=net].  Up 17.76 seconds

Ubuntu 16.04.6 LTS ubuntu-xenial ttyS0

ubuntu-xenial login: 